packages/shared-frontend/rn/mobile/react-native-image-selector/android/build/intermediates/manifest_merge_blame_file/release/manifest-merger-blame-release-report.txt
1<?xml version="1.0" encoding="utf-8"?>
2<manifest xmlns:android="http://schemas.android.com/apk/res/android"
3    package="com.reactnativeimageselector" >
4
5    <uses-sdk android:minSdkVersion="21" />
6
7    <application>
7-->src/main/AndroidManifest.xml:5:3-13:17
8        <provider
8-->src/main/AndroidManifest.xml:6:5-12:16
9            android:name="androidx.core.content.FileProvider"
9-->src/main/AndroidManifest.xml:8:7-56
10            android:authorities="${applicationId}.fileprovider"
10-->src/main/AndroidManifest.xml:7:7-58
11            android:exported="false"
11-->src/main/AndroidManifest.xml:9:7-31
12            android:grantUriPermissions="true" >
12-->src/main/AndroidManifest.xml:10:7-41
13            <meta-data
13-->src/main/AndroidManifest.xml:11:7-109
14                android:name="android.support.FILE_PROVIDER_PATHS"
14-->src/main/AndroidManifest.xml:11:18-68
15                android:resource="@xml/file_provider" />
15-->src/main/AndroidManifest.xml:11:69-106
16        </provider>
17    </application>
18
19</manifest>